<?xml version="1.0" encoding="UTF-8"?>
<!-- Generated by org.testng.reporters.JUnitReportReporter -->
<testsuite hostname="Mini.local" failures="0" tests="1" name="Project1_Jquery.JqueryMultipleTest" time="59.729" errors="0" timestamp="2023-08-20T22:53:37 JST" skipped="0">
  <testcase classname="Project1_Jquery.JqueryMultipleTest" name="ClickAccordion" time="59.729"/>
  <system-out/>
</testsuite> <!-- Project1_Jquery.JqueryMultipleTest -->
