<?xml version="1.0" encoding="UTF-8"?>
<!-- Generated by org.testng.reporters.JUnitReportReporter -->
<testsuite hostname="Mini.local" failures="0" tests="1" name="Project1.JapanTransitPlanner" time="26.795" errors="0" timestamp="2023-07-25T09:56:01 JST" skipped="0">
  <testcase classname="Project1.JapanTransitPlanner" name="SearchTransitJapan" time="26.795"/>
  <system-out/>
</testsuite> <!-- Project1.JapanTransitPlanner -->
