<?xml version="1.0" encoding="UTF-8"?>
<!-- Generated by org.testng.reporters.JUnitReportReporter -->
<testsuite hostname="Mini.local" failures="0" tests="1" name="ThirdProject.Main$Method" time="13.696" errors="0" timestamp="2023-07-20T14:49:06 JST" skipped="0">
  <testcase classname="ThirdProject.Main$Method" name="DENSYAJIKOKU1" time="13.696"/>
  <system-out/>
</testsuite> <!-- ThirdProject.Main$Method -->
