<?xml version="1.0" encoding="UTF-8"?>
<!-- Generated by org.testng.reporters.JUnitReportReporter -->
<testsuite hostname="Mini.local" failures="0" tests="1" name="test.LoginTest" time="6.125" errors="0" timestamp="2023-08-08T10:42:35 JST" skipped="0">
  <testcase classname="test.LoginTest" name="login" time="6.125"/>
  <system-out/>
</testsuite> <!-- test.LoginTest -->
