<?xml version="1.0" encoding="UTF-8"?>
<!-- Generated by org.testng.reporters.JUnitReportReporter -->
<testsuite hostname="Mini.local" failures="0" tests="1" name="Jquery.JqueryMultipleTest" time="51.806" errors="0" timestamp="2023-07-25T10:14:26 JST" skipped="0">
  <testcase classname="Jquery.JqueryMultipleTest" name="ClickAccordion" time="51.806"/>
  <system-out/>
</testsuite> <!-- Jquery.JqueryMultipleTest -->
