<?xml version="1.0" encoding="UTF-8"?>
<!-- Generated by org.testng.reporters.JUnitReportReporter -->
<testsuite hostname="Mini.local" failures="0" tests="1" name="ThirdProject.Main" time="40.696" errors="0" timestamp="2023-07-25T10:19:31 JST" skipped="0">
  <testcase classname="ThirdProject.Main" name="DENSYAJIKOKU1" time="40.696"/>
  <system-out/>
</testsuite> <!-- ThirdProject.Main -->
